[27/Apr/2022:18:56:32] (I): WordPress Instance Info:
[27/Apr/2022:18:56:32] (I): Home URL : http://localhost/wordpress
[27/Apr/2022:18:56:32] (I): Site URL : http://localhost/wordpress
[27/Apr/2022:18:56:32] (I): WordPress Version : 5.9.3
[27/Apr/2022:18:56:32] (I): Onboarding Version : 1.1.21
[27/Apr/2022:18:56:32] (I): Multisite : No
[27/Apr/2022:18:56:32] (I): Server Info : Apache/2.4.52 (Win64) OpenSSL/1.1.1m PHP/8.1.1
[27/Apr/2022:18:56:32] (I): PHP Version : 8.1.1
[27/Apr/2022:18:56:32] (I): HTTPS : No
[27/Apr/2022:18:56:32] (I): PHP Max Execution Time : 120
[27/Apr/2022:18:56:32] (I): PHP Max Input Vars : 1000
[27/Apr/2022:18:56:32] (I): Max Upload Size : 41943040
[27/Apr/2022:18:56:32] (I): Plugins:
[27/Apr/2022:18:56:32] (I): [PLUGIN] Gutenberg Blocks and Template Library by Otter : v2.0.2 (ThemeIsle)
[27/Apr/2022:18:56:32] (I): [PLUGIN] Qode Essential Addons : v1.4.6 (Qode Interactive)
[27/Apr/2022:18:56:32] (I): [PLUGIN] Templates Patterns Collection : v1.1.21 (ThemeIsle)
[27/Apr/2022:18:56:32] (P): Saving remote XML
[27/Apr/2022:18:56:33] (S): Saved remote XML at path C:\xampp\htdocs\wordpress/wp-content/uploads/themeisle-demo-import.xml.
[27/Apr/2022:18:56:33] (P): Starting content import...
[27/Apr/2022:18:56:33] (S): Import started.
[27/Apr/2022:18:56:33] (S): Parsing XML file.
[27/Apr/2022:18:56:33] (P): Starting parsing file:C:\xampp\htdocs\wordpress/wp-content/uploads/themeisle-demo-import.xml
[27/Apr/2022:18:56:33] (P): Using WXR_Parser_SimpleXML...
[27/Apr/2022:18:56:33] (S): Parsed XML
[27/Apr/2022:18:56:33] (P): Processing categories...
[27/Apr/2022:18:56:33] (S): Processed categories.
[27/Apr/2022:18:56:33] (P): Processing tags...
[27/Apr/2022:18:56:33] (S): No tags to process.
[27/Apr/2022:18:56:33] (P): Processing terms...
[27/Apr/2022:18:56:33] (W): Failed to import elementor_library_type page
[27/Apr/2022:18:56:33] (E): Taxonomía no válida.
[27/Apr/2022:18:56:33] (S): Processed terms.
[27/Apr/2022:18:56:33] (P): Processing posts...
[27/Apr/2022:18:56:33] (P): Processing attachment: https://s33834.pcdn.co/fitness-gb/wp-content/uploads/sites/444/2019/07/neve-fitness-logo.png...
[27/Apr/2022:18:56:33] (P): Fetching attachment from url: https://s33834.pcdn.co/fitness-gb/wp-content/uploads/sites/444/2019/07/neve-fitness-logo.png...
[27/Apr/2022:18:56:34] (S): Fetched remote attachment.
[27/Apr/2022:18:56:34] (P): Inserting attachment...
[27/Apr/2022:18:56:34] (S): Attachment inserted
[27/Apr/2022:18:56:34] (S): Processed attachment.
[27/Apr/2022:18:56:34] (P): Processing attachment: https://s33834.pcdn.co/fitness-gb/wp-content/uploads/sites/444/2019/07/map-1.png...
[27/Apr/2022:18:56:34] (P): Fetching attachment from url: https://s33834.pcdn.co/fitness-gb/wp-content/uploads/sites/444/2019/07/map-1.png...
[27/Apr/2022:18:56:34] (S): Fetched remote attachment.
[27/Apr/2022:18:56:34] (P): Inserting attachment...
[27/Apr/2022:18:56:34] (S): Attachment inserted
[27/Apr/2022:18:56:34] (S): Processed attachment.
[27/Apr/2022:18:56:34] (P): Processing attachment: https://s33834.pcdn.co/fitness-gb/wp-content/uploads/sites/444/2019/07/map-2.png...
[27/Apr/2022:18:56:34] (P): Fetching attachment from url: https://s33834.pcdn.co/fitness-gb/wp-content/uploads/sites/444/2019/07/map-2.png...
[27/Apr/2022:18:56:34] (S): Fetched remote attachment.
[27/Apr/2022:18:56:34] (P): Inserting attachment...
[27/Apr/2022:18:56:34] (S): Attachment inserted
[27/Apr/2022:18:56:34] (S): Processed attachment.
[27/Apr/2022:18:56:34] (P): Processing attachment: https://s33834.pcdn.co/fitness-gb/wp-content/uploads/sites/444/2019/07/Neve-gym-logo-1.png...
[27/Apr/2022:18:56:34] (P): Fetching attachment from url: https://s33834.pcdn.co/fitness-gb/wp-content/uploads/sites/444/2019/07/Neve-gym-logo-1.png...
[27/Apr/2022:18:56:34] (S): Fetched remote attachment.
[27/Apr/2022:18:56:34] (P): Inserting attachment...
[27/Apr/2022:18:56:34] (S): Attachment inserted
[27/Apr/2022:18:56:34] (S): Processed attachment.
[27/Apr/2022:18:56:34] (P): Processing attachment: https://s33834.pcdn.co/fitness-gb/wp-content/uploads/sites/444/2019/07/neve-gym-demo-01.jpg...
[27/Apr/2022:18:56:34] (P): Fetching attachment from url: https://s33834.pcdn.co/fitness-gb/wp-content/uploads/sites/444/2019/07/neve-gym-demo-01.jpg...
[27/Apr/2022:18:56:34] (S): Fetched remote attachment.
[27/Apr/2022:18:56:34] (P): Inserting attachment...
[27/Apr/2022:18:56:34] (S): Attachment inserted
[27/Apr/2022:18:56:34] (S): Processed attachment.
[27/Apr/2022:18:56:34] (P): Processing attachment: https://s33834.pcdn.co/fitness-gb/wp-content/uploads/sites/444/2019/07/neve-gym-demo-02.jpg...
[27/Apr/2022:18:56:34] (P): Fetching attachment from url: https://s33834.pcdn.co/fitness-gb/wp-content/uploads/sites/444/2019/07/neve-gym-demo-02.jpg...
[27/Apr/2022:18:56:35] (S): Fetched remote attachment.
[27/Apr/2022:18:56:35] (P): Inserting attachment...
[27/Apr/2022:18:56:35] (S): Attachment inserted
[27/Apr/2022:18:56:35] (S): Processed attachment.
[27/Apr/2022:18:56:35] (P): Processing attachment: https://s33834.pcdn.co/fitness-gb/wp-content/uploads/sites/444/2019/07/neve-gym-demo-03.jpg...
[27/Apr/2022:18:56:35] (P): Fetching attachment from url: https://s33834.pcdn.co/fitness-gb/wp-content/uploads/sites/444/2019/07/neve-gym-demo-03.jpg...
[27/Apr/2022:18:56:35] (S): Fetched remote attachment.
[27/Apr/2022:18:56:35] (P): Inserting attachment...
[27/Apr/2022:18:56:35] (S): Attachment inserted
[27/Apr/2022:18:56:35] (S): Processed attachment.
[27/Apr/2022:18:56:35] (P): Processing attachment: https://s33834.pcdn.co/fitness-gb/wp-content/uploads/sites/444/2019/07/neve-gym-demo-04.jpg...
[27/Apr/2022:18:56:35] (P): Fetching attachment from url: https://s33834.pcdn.co/fitness-gb/wp-content/uploads/sites/444/2019/07/neve-gym-demo-04.jpg...
[27/Apr/2022:18:56:35] (S): Fetched remote attachment.
[27/Apr/2022:18:56:35] (P): Inserting attachment...
[27/Apr/2022:18:56:35] (S): Attachment inserted
[27/Apr/2022:18:56:35] (S): Processed attachment.
[27/Apr/2022:18:56:35] (P): Processing attachment: https://s33834.pcdn.co/fitness-gb/wp-content/uploads/sites/444/2019/07/neve-gym-demo-05.jpg...
[27/Apr/2022:18:56:35] (P): Fetching attachment from url: https://s33834.pcdn.co/fitness-gb/wp-content/uploads/sites/444/2019/07/neve-gym-demo-05.jpg...
[27/Apr/2022:18:56:35] (S): Fetched remote attachment.
[27/Apr/2022:18:56:35] (P): Inserting attachment...
[27/Apr/2022:18:56:35] (S): Attachment inserted
[27/Apr/2022:18:56:35] (S): Processed attachment.
[27/Apr/2022:18:56:35] (P): Processing attachment: https://s33834.pcdn.co/fitness-gb/wp-content/uploads/sites/444/2019/07/neve-gym-demo-06.jpg...
[27/Apr/2022:18:56:35] (P): Fetching attachment from url: https://s33834.pcdn.co/fitness-gb/wp-content/uploads/sites/444/2019/07/neve-gym-demo-06.jpg...
[27/Apr/2022:18:56:35] (S): Fetched remote attachment.
[27/Apr/2022:18:56:35] (P): Inserting attachment...
[27/Apr/2022:18:56:35] (S): Attachment inserted
[27/Apr/2022:18:56:35] (S): Processed attachment.
[27/Apr/2022:18:56:35] (P): Processing attachment: https://s33834.pcdn.co/fitness-gb/wp-content/uploads/sites/444/2019/07/neve-gym-demo-07.jpg...
[27/Apr/2022:18:56:35] (P): Fetching attachment from url: https://s33834.pcdn.co/fitness-gb/wp-content/uploads/sites/444/2019/07/neve-gym-demo-07.jpg...
[27/Apr/2022:18:56:36] (S): Fetched remote attachment.
[27/Apr/2022:18:56:36] (P): Inserting attachment...
[27/Apr/2022:18:56:36] (S): Attachment inserted
[27/Apr/2022:18:56:36] (S): Processed attachment.
[27/Apr/2022:18:56:36] (P): Processing attachment: https://s33834.pcdn.co/fitness-gb/wp-content/uploads/sites/444/2019/07/neve-gym-demo-08.jpg...
[27/Apr/2022:18:56:36] (P): Fetching attachment from url: https://s33834.pcdn.co/fitness-gb/wp-content/uploads/sites/444/2019/07/neve-gym-demo-08.jpg...
[27/Apr/2022:18:56:36] (S): Fetched remote attachment.
[27/Apr/2022:18:56:36] (P): Inserting attachment...
[27/Apr/2022:18:56:36] (S): Attachment inserted
[27/Apr/2022:18:56:36] (S): Processed attachment.
[27/Apr/2022:18:56:36] (P): Processing attachment: https://s33834.pcdn.co/fitness-gb/wp-content/uploads/sites/444/2019/07/neve-gym-demo-09.jpg...
[27/Apr/2022:18:56:36] (P): Fetching attachment from url: https://s33834.pcdn.co/fitness-gb/wp-content/uploads/sites/444/2019/07/neve-gym-demo-09.jpg...
[27/Apr/2022:18:56:36] (S): Fetched remote attachment.
[27/Apr/2022:18:56:36] (P): Inserting attachment...
[27/Apr/2022:18:56:36] (S): Attachment inserted
[27/Apr/2022:18:56:36] (S): Processed attachment.
[27/Apr/2022:18:56:36] (P): Processing attachment: https://s33834.pcdn.co/fitness-gb/wp-content/uploads/sites/444/2019/07/neve-gym-demo-10.jpg...
[27/Apr/2022:18:56:36] (P): Fetching attachment from url: https://s33834.pcdn.co/fitness-gb/wp-content/uploads/sites/444/2019/07/neve-gym-demo-10.jpg...
[27/Apr/2022:18:56:36] (S): Fetched remote attachment.
[27/Apr/2022:18:56:36] (P): Inserting attachment...
[27/Apr/2022:18:56:36] (S): Attachment inserted
[27/Apr/2022:18:56:36] (S): Processed attachment.
[27/Apr/2022:18:56:36] (P): Processing attachment: https://s33834.pcdn.co/fitness-gb/wp-content/uploads/sites/444/2019/07/neve-gym-demo-11.jpg...
[27/Apr/2022:18:56:36] (P): Fetching attachment from url: https://s33834.pcdn.co/fitness-gb/wp-content/uploads/sites/444/2019/07/neve-gym-demo-11.jpg...
[27/Apr/2022:18:56:36] (S): Fetched remote attachment.
[27/Apr/2022:18:56:36] (P): Inserting attachment...
[27/Apr/2022:18:56:36] (S): Attachment inserted
[27/Apr/2022:18:56:36] (S): Processed attachment.
[27/Apr/2022:18:56:37] (P): Processing attachment: https://s33834.pcdn.co/fitness-gb/wp-content/uploads/sites/444/2019/07/neve-gym-demo-12.jpg...
[27/Apr/2022:18:56:37] (P): Fetching attachment from url: https://s33834.pcdn.co/fitness-gb/wp-content/uploads/sites/444/2019/07/neve-gym-demo-12.jpg...
[27/Apr/2022:18:56:37] (S): Fetched remote attachment.
[27/Apr/2022:18:56:37] (P): Inserting attachment...
[27/Apr/2022:18:56:37] (S): Attachment inserted
[27/Apr/2022:18:56:37] (S): Processed attachment.
[27/Apr/2022:18:56:37] (P): Processing attachment: https://s33834.pcdn.co/fitness-gb/wp-content/uploads/sites/444/2019/07/neve-gym-demo-13.jpg...
[27/Apr/2022:18:56:37] (P): Fetching attachment from url: https://s33834.pcdn.co/fitness-gb/wp-content/uploads/sites/444/2019/07/neve-gym-demo-13.jpg...
[27/Apr/2022:18:56:37] (S): Fetched remote attachment.
[27/Apr/2022:18:56:37] (P): Inserting attachment...
[27/Apr/2022:18:56:37] (S): Attachment inserted
[27/Apr/2022:18:56:37] (S): Processed attachment.
[27/Apr/2022:18:56:37] (P): Processing attachment: https://s33834.pcdn.co/fitness-gb/wp-content/uploads/sites/444/2019/07/neve-gym-demo-14.jpg...
[27/Apr/2022:18:56:37] (P): Fetching attachment from url: https://s33834.pcdn.co/fitness-gb/wp-content/uploads/sites/444/2019/07/neve-gym-demo-14.jpg...
[27/Apr/2022:18:56:37] (S): Fetched remote attachment.
[27/Apr/2022:18:56:37] (P): Inserting attachment...
[27/Apr/2022:18:56:37] (S): Attachment inserted
[27/Apr/2022:18:56:37] (S): Processed attachment.
[27/Apr/2022:18:56:37] (P): Processing attachment: https://s33834.pcdn.co/fitness-gb/wp-content/uploads/sites/444/2019/07/neve-gym-demo-15.jpg...
[27/Apr/2022:18:56:37] (P): Fetching attachment from url: https://s33834.pcdn.co/fitness-gb/wp-content/uploads/sites/444/2019/07/neve-gym-demo-15.jpg...
[27/Apr/2022:18:56:38] (S): Fetched remote attachment.
[27/Apr/2022:18:56:38] (P): Inserting attachment...
[27/Apr/2022:18:56:38] (S): Attachment inserted
[27/Apr/2022:18:56:38] (S): Processed attachment.
[27/Apr/2022:18:56:38] (P): Processing attachment: https://s33834.pcdn.co/fitness-gb/wp-content/uploads/sites/444/2019/07/neve-gym-demo-16.jpg...
[27/Apr/2022:18:56:38] (P): Fetching attachment from url: https://s33834.pcdn.co/fitness-gb/wp-content/uploads/sites/444/2019/07/neve-gym-demo-16.jpg...
[27/Apr/2022:18:56:38] (S): Fetched remote attachment.
[27/Apr/2022:18:56:38] (P): Inserting attachment...
[27/Apr/2022:18:56:38] (S): Attachment inserted
[27/Apr/2022:18:56:38] (S): Processed attachment.
[27/Apr/2022:18:56:38] (P): Processing attachment: https://s33834.pcdn.co/fitness-gb/wp-content/uploads/sites/444/2019/07/neve-gym-demo-17.jpg...
[27/Apr/2022:18:56:38] (P): Fetching attachment from url: https://s33834.pcdn.co/fitness-gb/wp-content/uploads/sites/444/2019/07/neve-gym-demo-17.jpg...
[27/Apr/2022:18:56:38] (S): Fetched remote attachment.
[27/Apr/2022:18:56:38] (P): Inserting attachment...
[27/Apr/2022:18:56:38] (S): Attachment inserted
[27/Apr/2022:18:56:38] (S): Processed attachment.
[27/Apr/2022:18:56:38] (P): Processing attachment: https://s33834.pcdn.co/fitness-gb/wp-content/uploads/sites/444/2019/07/neve-gym-demo-18.jpg...
[27/Apr/2022:18:56:38] (P): Fetching attachment from url: https://s33834.pcdn.co/fitness-gb/wp-content/uploads/sites/444/2019/07/neve-gym-demo-18.jpg...
[27/Apr/2022:18:56:38] (S): Fetched remote attachment.
[27/Apr/2022:18:56:38] (P): Inserting attachment...
[27/Apr/2022:18:56:38] (S): Attachment inserted
[27/Apr/2022:18:56:38] (S): Processed attachment.
[27/Apr/2022:18:56:38] (P): Processing attachment: https://s33834.pcdn.co/fitness-gb/wp-content/uploads/sites/444/2019/07/neve-gym-demo-19.jpg...
[27/Apr/2022:18:56:38] (P): Fetching attachment from url: https://s33834.pcdn.co/fitness-gb/wp-content/uploads/sites/444/2019/07/neve-gym-demo-19.jpg...
[27/Apr/2022:18:56:38] (S): Fetched remote attachment.
[27/Apr/2022:18:56:38] (P): Inserting attachment...
[27/Apr/2022:18:56:38] (S): Attachment inserted
[27/Apr/2022:18:56:38] (S): Processed attachment.
[27/Apr/2022:18:56:38] (P): Processing attachment: https://s33834.pcdn.co/fitness-gb/wp-content/uploads/sites/444/2019/07/neve-gym-demo-20.jpg...
[27/Apr/2022:18:56:38] (P): Fetching attachment from url: https://s33834.pcdn.co/fitness-gb/wp-content/uploads/sites/444/2019/07/neve-gym-demo-20.jpg...
[27/Apr/2022:18:56:38] (S): Fetched remote attachment.
[27/Apr/2022:18:56:38] (P): Inserting attachment...
[27/Apr/2022:18:56:38] (S): Attachment inserted
[27/Apr/2022:18:56:38] (S): Processed attachment.
[27/Apr/2022:18:56:38] (P): Processing attachment: https://s33834.pcdn.co/fitness-gb/wp-content/uploads/sites/444/2019/07/neve-gym-demo-21.jpg...
[27/Apr/2022:18:56:38] (P): Fetching attachment from url: https://s33834.pcdn.co/fitness-gb/wp-content/uploads/sites/444/2019/07/neve-gym-demo-21.jpg...
[27/Apr/2022:18:56:38] (S): Fetched remote attachment.
[27/Apr/2022:18:56:38] (P): Inserting attachment...
[27/Apr/2022:18:56:38] (S): Attachment inserted
[27/Apr/2022:18:56:38] (S): Processed attachment.
[27/Apr/2022:18:56:38] (P): Processing attachment: https://s33834.pcdn.co/fitness-gb/wp-content/uploads/sites/444/2019/07/neve-gym-demo-22.jpg...
[27/Apr/2022:18:56:38] (P): Fetching attachment from url: https://s33834.pcdn.co/fitness-gb/wp-content/uploads/sites/444/2019/07/neve-gym-demo-22.jpg...
[27/Apr/2022:18:56:39] (S): Fetched remote attachment.
[27/Apr/2022:18:56:39] (P): Inserting attachment...
[27/Apr/2022:18:56:39] (S): Attachment inserted
[27/Apr/2022:18:56:39] (S): Processed attachment.
[27/Apr/2022:18:56:39] (P): Processing attachment: https://s33834.pcdn.co/fitness-gb/wp-content/uploads/sites/444/2019/07/neve-gym-demo-23.jpg...
[27/Apr/2022:18:56:39] (P): Fetching attachment from url: https://s33834.pcdn.co/fitness-gb/wp-content/uploads/sites/444/2019/07/neve-gym-demo-23.jpg...
[27/Apr/2022:18:56:39] (S): Fetched remote attachment.
[27/Apr/2022:18:56:39] (P): Inserting attachment...
[27/Apr/2022:18:56:39] (S): Attachment inserted
[27/Apr/2022:18:56:39] (S): Processed attachment.
[27/Apr/2022:18:56:39] (P): Processing attachment: https://s33834.pcdn.co/fitness-gb/wp-content/uploads/sites/444/2019/07/neve-gym-demo-24.jpg...
[27/Apr/2022:18:56:39] (P): Fetching attachment from url: https://s33834.pcdn.co/fitness-gb/wp-content/uploads/sites/444/2019/07/neve-gym-demo-24.jpg...
[27/Apr/2022:18:56:39] (S): Fetched remote attachment.
[27/Apr/2022:18:56:39] (P): Inserting attachment...
[27/Apr/2022:18:56:39] (S): Attachment inserted
[27/Apr/2022:18:56:39] (S): Processed attachment.
[27/Apr/2022:18:56:39] (P): Processing attachment: https://s33834.pcdn.co/fitness-gb/wp-content/uploads/sites/444/2019/07/neve-gym-demo-25.jpg...
[27/Apr/2022:18:56:39] (P): Fetching attachment from url: https://s33834.pcdn.co/fitness-gb/wp-content/uploads/sites/444/2019/07/neve-gym-demo-25.jpg...
[27/Apr/2022:18:56:39] (S): Fetched remote attachment.
[27/Apr/2022:18:56:39] (P): Inserting attachment...
[27/Apr/2022:18:56:39] (S): Attachment inserted
[27/Apr/2022:18:56:39] (S): Processed attachment.
[27/Apr/2022:18:56:39] (P): Processing attachment: https://s33834.pcdn.co/fitness-gb/wp-content/uploads/sites/444/2019/07/neve-gym-demo-26.jpg...
[27/Apr/2022:18:56:39] (P): Fetching attachment from url: https://s33834.pcdn.co/fitness-gb/wp-content/uploads/sites/444/2019/07/neve-gym-demo-26.jpg...
[27/Apr/2022:18:56:39] (S): Fetched remote attachment.
[27/Apr/2022:18:56:39] (P): Inserting attachment...
[27/Apr/2022:18:56:39] (S): Attachment inserted
[27/Apr/2022:18:56:39] (S): Processed attachment.
[27/Apr/2022:18:56:39] (P): Processing attachment: https://s33834.pcdn.co/fitness-gb/wp-content/uploads/sites/444/2019/07/neve-gym-demo-27.jpg...
[27/Apr/2022:18:56:39] (P): Fetching attachment from url: https://s33834.pcdn.co/fitness-gb/wp-content/uploads/sites/444/2019/07/neve-gym-demo-27.jpg...
[27/Apr/2022:18:56:40] (S): Fetched remote attachment.
[27/Apr/2022:18:56:40] (P): Inserting attachment...
[27/Apr/2022:18:56:40] (S): Attachment inserted
[27/Apr/2022:18:56:40] (S): Processed attachment.
[27/Apr/2022:18:56:40] (P): Processing attachment: https://s33834.pcdn.co/fitness-gb/wp-content/uploads/sites/444/2019/07/neve-gym-demo-28.jpg...
[27/Apr/2022:18:56:40] (P): Fetching attachment from url: https://s33834.pcdn.co/fitness-gb/wp-content/uploads/sites/444/2019/07/neve-gym-demo-28.jpg...
[27/Apr/2022:18:56:40] (S): Fetched remote attachment.
[27/Apr/2022:18:56:40] (P): Inserting attachment...
[27/Apr/2022:18:56:40] (S): Attachment inserted
[27/Apr/2022:18:56:40] (S): Processed attachment.
[27/Apr/2022:18:56:40] (P): Processing attachment: https://s33834.pcdn.co/fitness-gb/wp-content/uploads/sites/444/2019/07/neve-gym-demo-29.jpg...
[27/Apr/2022:18:56:40] (P): Fetching attachment from url: https://s33834.pcdn.co/fitness-gb/wp-content/uploads/sites/444/2019/07/neve-gym-demo-29.jpg...
[27/Apr/2022:18:56:40] (S): Fetched remote attachment.
[27/Apr/2022:18:56:40] (P): Inserting attachment...
[27/Apr/2022:18:56:40] (S): Attachment inserted
[27/Apr/2022:18:56:40] (S): Processed attachment.
[27/Apr/2022:18:56:40] (P): Processing attachment: https://s33834.pcdn.co/fitness-gb/wp-content/uploads/sites/444/2019/07/neve-gym-demo-30.jpg...
[27/Apr/2022:18:56:40] (P): Fetching attachment from url: https://s33834.pcdn.co/fitness-gb/wp-content/uploads/sites/444/2019/07/neve-gym-demo-30.jpg...
[27/Apr/2022:18:56:40] (S): Fetched remote attachment.
[27/Apr/2022:18:56:40] (P): Inserting attachment...
[27/Apr/2022:18:56:40] (S): Attachment inserted
[27/Apr/2022:18:56:40] (S): Processed attachment.
[27/Apr/2022:18:56:40] (P): Processing attachment: https://s33834.pcdn.co/fitness-gb/wp-content/uploads/sites/444/2019/07/neve-gym-demo-31.jpg...
[27/Apr/2022:18:56:40] (P): Fetching attachment from url: https://s33834.pcdn.co/fitness-gb/wp-content/uploads/sites/444/2019/07/neve-gym-demo-31.jpg...
[27/Apr/2022:18:56:40] (S): Fetched remote attachment.
[27/Apr/2022:18:56:40] (P): Inserting attachment...
[27/Apr/2022:18:56:40] (S): Attachment inserted
[27/Apr/2022:18:56:40] (S): Processed attachment.
[27/Apr/2022:18:56:40] (P): Processing attachment: https://s33834.pcdn.co/fitness-gb/wp-content/uploads/sites/444/2019/07/neve-gym-demo-32.jpg...
[27/Apr/2022:18:56:40] (P): Fetching attachment from url: https://s33834.pcdn.co/fitness-gb/wp-content/uploads/sites/444/2019/07/neve-gym-demo-32.jpg...
[27/Apr/2022:18:56:40] (S): Fetched remote attachment.
[27/Apr/2022:18:56:40] (P): Inserting attachment...
[27/Apr/2022:18:56:40] (S): Attachment inserted
[27/Apr/2022:18:56:40] (S): Processed attachment.
[27/Apr/2022:18:56:40] (P): Processing attachment: https://s33834.pcdn.co/fitness-gb/wp-content/uploads/sites/444/2019/07/neve-gym-demo-33.jpg...
[27/Apr/2022:18:56:40] (P): Fetching attachment from url: https://s33834.pcdn.co/fitness-gb/wp-content/uploads/sites/444/2019/07/neve-gym-demo-33.jpg...
[27/Apr/2022:18:56:40] (S): Fetched remote attachment.
[27/Apr/2022:18:56:40] (P): Inserting attachment...
[27/Apr/2022:18:56:40] (S): Attachment inserted
[27/Apr/2022:18:56:40] (S): Processed attachment.
[27/Apr/2022:18:56:40] (P): Processing attachment: https://s33834.pcdn.co/fitness-gb/wp-content/uploads/sites/444/2019/07/neve-gym-demo-34.jpg...
[27/Apr/2022:18:56:40] (P): Fetching attachment from url: https://s33834.pcdn.co/fitness-gb/wp-content/uploads/sites/444/2019/07/neve-gym-demo-34.jpg...
[27/Apr/2022:18:56:41] (S): Fetched remote attachment.
[27/Apr/2022:18:56:41] (P): Inserting attachment...
[27/Apr/2022:18:56:41] (S): Attachment inserted
[27/Apr/2022:18:56:41] (S): Processed attachment.
[27/Apr/2022:18:56:41] (P): Processing attachment: https://s33834.pcdn.co/fitness-gb/wp-content/uploads/sites/444/2019/07/neve-gym-demo-35.jpg...
[27/Apr/2022:18:56:41] (P): Fetching attachment from url: https://s33834.pcdn.co/fitness-gb/wp-content/uploads/sites/444/2019/07/neve-gym-demo-35.jpg...
[27/Apr/2022:18:56:41] (S): Fetched remote attachment.
[27/Apr/2022:18:56:41] (P): Inserting attachment...
[27/Apr/2022:18:56:41] (S): Attachment inserted
[27/Apr/2022:18:56:41] (S): Processed attachment.
[27/Apr/2022:18:56:41] (P): Processing attachment: https://s33834.pcdn.co/fitness-gb/wp-content/uploads/sites/444/2019/07/neve-gym-demo-36.jpg...
[27/Apr/2022:18:56:41] (P): Fetching attachment from url: https://s33834.pcdn.co/fitness-gb/wp-content/uploads/sites/444/2019/07/neve-gym-demo-36.jpg...
[27/Apr/2022:18:56:41] (S): Fetched remote attachment.
[27/Apr/2022:18:56:41] (P): Inserting attachment...
[27/Apr/2022:18:56:41] (S): Attachment inserted
[27/Apr/2022:18:56:41] (S): Processed attachment.
[27/Apr/2022:18:56:41] (P): Inserting post: Gym hours for new year\'s day .
[27/Apr/2022:18:56:41] (S): Done inserting post: Gym hours for new year\'s day .
[27/Apr/2022:18:56:41] (P): Processing attachment: https://s33834.pcdn.co/fitness-gb/wp-content/uploads/sites/444/2019/07/neve-gym-demo-37.jpg...
[27/Apr/2022:18:56:41] (P): Fetching attachment from url: https://s33834.pcdn.co/fitness-gb/wp-content/uploads/sites/444/2019/07/neve-gym-demo-37.jpg...
[27/Apr/2022:18:56:41] (S): Fetched remote attachment.
[27/Apr/2022:18:56:41] (P): Inserting attachment...
[27/Apr/2022:18:56:41] (S): Attachment inserted
[27/Apr/2022:18:56:41] (S): Processed attachment.
[27/Apr/2022:18:56:41] (P): Inserting page: Home .
[27/Apr/2022:18:56:41] (S): Done inserting page: Home .
[27/Apr/2022:18:56:41] (P): Processing single menu item ' '...
[27/Apr/2022:18:56:41] (S): Processed single menu item.
[27/Apr/2022:18:56:41] (P): Inserting page: The Gym .
[27/Apr/2022:18:56:41] (S): Done inserting page: The Gym .
[27/Apr/2022:18:56:41] (P): Processing single menu item ' '...
[27/Apr/2022:18:56:41] (S): Processed single menu item.
[27/Apr/2022:18:56:41] (P): Inserting custom_css: neve .
[27/Apr/2022:18:56:41] (S): Done inserting custom_css: neve .
[27/Apr/2022:18:56:41] (P): Inserting page: News .
[27/Apr/2022:18:56:41] (S): Done inserting page: News .
[27/Apr/2022:18:56:41] (P): Processing single menu item ' '...
[27/Apr/2022:18:56:41] (S): Processed single menu item.
[27/Apr/2022:18:56:41] (P): Inserting page: Contact .
[27/Apr/2022:18:56:41] (S): Done inserting page: Contact .
[27/Apr/2022:18:56:41] (P): Processing single menu item ' '...
[27/Apr/2022:18:56:42] (S): Processed single menu item.
[27/Apr/2022:18:56:42] (P): Inserting custom_css: neve .
[27/Apr/2022:18:56:42] (S): Done inserting custom_css: neve .
[27/Apr/2022:18:56:42] (P): Inserting page: Single Group .
[27/Apr/2022:18:56:42] (S): Done inserting page: Single Group .
[27/Apr/2022:18:56:42] (P): Processing single menu item ' '...
[27/Apr/2022:18:56:42] (S): Processed single menu item.
[27/Apr/2022:18:56:42] (P): Processing single menu item ' '...
[27/Apr/2022:18:56:42] (S): Processed single menu item.
[27/Apr/2022:18:56:42] (P): Inserting page: Privacy and Terms .
[27/Apr/2022:18:56:42] (S): Done inserting page: Privacy and Terms .
[27/Apr/2022:18:56:42] (P): Processing single menu item ' '...
[27/Apr/2022:18:56:42] (S): Processed single menu item.
[27/Apr/2022:18:56:42] (P): Processing attachment: https://s33834.pcdn.co/fitness-gb/wp-content/uploads/sites/444/2020/11/gym-logo.png...
[27/Apr/2022:18:56:42] (P): Fetching attachment from url: https://s33834.pcdn.co/fitness-gb/wp-content/uploads/sites/444/2020/11/gym-logo.png...
[27/Apr/2022:18:56:42] (S): Fetched remote attachment.
[27/Apr/2022:18:56:42] (P): Inserting attachment...
[27/Apr/2022:18:56:42] (S): Attachment inserted
[27/Apr/2022:18:56:42] (S): Processed attachment.
[27/Apr/2022:18:56:42] (P): Inserting page: Groups .
[27/Apr/2022:18:56:42] (S): Done inserting page: Groups .
[27/Apr/2022:18:56:42] (P): Processing single menu item ' '...
[27/Apr/2022:18:56:42] (S): Processed single menu item.
[27/Apr/2022:18:56:42] (P): Inserting post: Christmas promotions .
[27/Apr/2022:18:56:42] (S): Done inserting post: Christmas promotions .
[27/Apr/2022:18:56:42] (P): Inserting post: New Gym in Georgetown .
[27/Apr/2022:18:56:42] (S): Done inserting post: New Gym in Georgetown .
[27/Apr/2022:18:56:42] (P): Inserting post: Bodycombat classes .
[27/Apr/2022:18:56:42] (S): Done inserting post: Bodycombat classes .
[27/Apr/2022:18:56:42] (P): Inserting wp_block: five-stars .
[27/Apr/2022:18:56:42] (S): Done inserting wp_block: five-stars .
[27/Apr/2022:18:56:42] (P): Inserting wp_block: Overline .
[27/Apr/2022:18:56:42] (S): Done inserting wp_block: Overline .
[27/Apr/2022:18:56:42] (S): Processed posts.
[27/Apr/2022:18:56:42] (P): Cleaning up import with id ...
[27/Apr/2022:18:56:42] (P): Done cleanup. Flushing cache...
[27/Apr/2022:18:56:42] (P): Flushed cache. Removing temporary data..
[27/Apr/2022:18:56:42] (S): Done importing
[27/Apr/2022:18:56:42] (P): Busting elementor cache
[27/Apr/2022:18:56:42] (S): Front page set up with id: 129.
